app/build/intermediates/manifest_merge_blame_file/debug/manifest-merger-blame-debug-report.txt
1<?xml version="1.0" encoding="utf-8"?>
2<manifest xmlns:android="http://schemas.android.com/apk/res/android"
3    package="vn.edu.usth.flickrapp"
4    android:versionCode="1"
5    android:versionName="1.0" >
6
7    <uses-sdk
8        android:minSdkVersion="24"
9        android:targetSdkVersion="34" />
10
11    <!-- Although the *SdkVersion is captured in gradle build files, this is required for non gradle builds -->
12    <!-- <uses-sdk android:minSdkVersion="14"/> -->
13    <uses-permission android:name="android.permission.ACCESS_NETWORK_STATE" />
13-->[com.google.firebase:firebase-database:20.2.2] AndroidManifest.xml:24:5-79
13-->[com.google.firebase:firebase-database:20.2.2] AndroidManifest.xml:24:22-76
14    <uses-permission android:name="android.permission.INTERNET" />
14-->[com.google.firebase:firebase-database:20.2.2] AndroidManifest.xml:25:5-67
14-->[com.google.firebase:firebase-database:20.2.2] AndroidManifest.xml:25:22-64
15
16    <permission
16-->[androidx.core:core:1.9.0] AndroidManifest.xml:22:5-24:47
17        android:name="vn.edu.usth.flickrapp.DYNAMIC_RECEIVER_NOT_EXPORTED_PERMISSION"
17-->[androidx.core:core:1.9.0] AndroidManifest.xml:23:9-81
18        android:protectionLevel="signature" />
18-->[androidx.core:core:1.9.0] AndroidManifest.xml:24:9-44
19
20    <uses-permission android:name="vn.edu.usth.flickrapp.DYNAMIC_RECEIVER_NOT_EXPORTED_PERMISSION" />
20-->[androidx.core:core:1.9.0] AndroidManifest.xml:26:5-97
20-->[androidx.core:core:1.9.0] AndroidManifest.xml:26:22-94
21
22    <application
22-->src\main\AndroidManifest.xml:5:5-51:19
23        android:allowBackup="true"
23-->src\main\AndroidManifest.xml:6:9-35
24        android:appComponentFactory="androidx.core.app.CoreComponentFactory"
24-->[androidx.core:core:1.9.0] AndroidManifest.xml:28:18-86
25        android:dataExtractionRules="@xml/data_extraction_rules"
25-->src\main\AndroidManifest.xml:7:9-65
26        android:debuggable="true"
27        android:extractNativeLibs="false"
28        android:fullBackupContent="@xml/backup_rules"
28-->src\main\AndroidManifest.xml:8:9-54
29        android:icon="@mipmap/ic_launcher"
29-->src\main\AndroidManifest.xml:9:9-43
30        android:label="@string/app_name"
30-->src\main\AndroidManifest.xml:10:9-41
31        android:roundIcon="@mipmap/ic_launcher_round"
31-->src\main\AndroidManifest.xml:11:9-54
32        android:supportsRtl="true"
32-->src\main\AndroidManifest.xml:12:9-35
33        android:theme="@style/Theme.FlickrApp" >
33-->src\main\AndroidManifest.xml:13:9-47
34        <activity
34-->src\main\AndroidManifest.xml:15:9-17:40
35            android:name="vn.edu.usth.flickrapp.FollowerActivity"
35-->src\main\AndroidManifest.xml:16:13-45
36            android:exported="false" />
36-->src\main\AndroidManifest.xml:17:13-37
37        <activity
37-->src\main\AndroidManifest.xml:18:9-20:40
38            android:name="vn.edu.usth.flickrapp.PhotoDetailActivity"
38-->src\main\AndroidManifest.xml:19:13-48
39            android:exported="false" />
39-->src\main\AndroidManifest.xml:20:13-37
40        <activity
40-->src\main\AndroidManifest.xml:21:9-23:39
41            android:name="vn.edu.usth.flickrapp.NewsActivity"
41-->src\main\AndroidManifest.xml:22:13-41
42            android:exported="true" />
42-->src\main\AndroidManifest.xml:23:13-36
43        <activity
43-->src\main\AndroidManifest.xml:24:9-26:39
44            android:name="vn.edu.usth.flickrapp.LoginActivity"
44-->src\main\AndroidManifest.xml:25:13-42
45            android:exported="true" />
45-->src\main\AndroidManifest.xml:26:13-36
46        <activity
46-->src\main\AndroidManifest.xml:27:9-35:20
47            android:name="vn.edu.usth.flickrapp.WelcomeActivity"
47-->src\main\AndroidManifest.xml:28:13-44
48            android:exported="true" >
48-->src\main\AndroidManifest.xml:29:13-36
49            <intent-filter>
49-->src\main\AndroidManifest.xml:30:13-34:29
50                <action android:name="android.intent.action.MAIN" />
50-->src\main\AndroidManifest.xml:31:17-69
50-->src\main\AndroidManifest.xml:31:25-66
51
52                <category android:name="android.intent.category.LAUNCHER" />
52-->src\main\AndroidManifest.xml:33:17-77
52-->src\main\AndroidManifest.xml:33:27-74
53            </intent-filter>
54        </activity>
55        <activity
55-->src\main\AndroidManifest.xml:36:9-38:39
56            android:name="vn.edu.usth.flickrapp.MainActivity"
56-->src\main\AndroidManifest.xml:37:13-41
57            android:exported="true" />
57-->src\main\AndroidManifest.xml:38:13-36
58        <activity
58-->src\main\AndroidManifest.xml:39:9-41:39
59            android:name="vn.edu.usth.flickrapp.SearchActivity"
59-->src\main\AndroidManifest.xml:40:13-43
60            android:exported="true" />
60-->src\main\AndroidManifest.xml:41:13-36
61        <activity
61-->src\main\AndroidManifest.xml:42:9-44:39
62            android:name="vn.edu.usth.flickrapp.TabLayoutActivity"
62-->src\main\AndroidManifest.xml:43:13-46
63            android:exported="true" />
63-->src\main\AndroidManifest.xml:44:13-36
64        <activity
64-->src\main\AndroidManifest.xml:45:9-47:39
65            android:name="vn.edu.usth.flickrapp.SignUpActivity"
65-->src\main\AndroidManifest.xml:46:13-43
66            android:exported="true" />
66-->src\main\AndroidManifest.xml:47:13-36
67        <activity
67-->src\main\AndroidManifest.xml:48:9-50:39
68            android:name="vn.edu.usth.flickrapp.Adapter.ViewPager_Profile_Adapter"
68-->src\main\AndroidManifest.xml:49:13-62
69            android:exported="true" />
69-->src\main\AndroidManifest.xml:50:13-36
70
71        <provider
71-->[androidx.emoji2:emoji2:1.2.0] AndroidManifest.xml:24:9-32:20
72            android:name="androidx.startup.InitializationProvider"
72-->[androidx.emoji2:emoji2:1.2.0] AndroidManifest.xml:25:13-67
73            android:authorities="vn.edu.usth.flickrapp.androidx-startup"
73-->[androidx.emoji2:emoji2:1.2.0] AndroidManifest.xml:26:13-68
74            android:exported="false" >
74-->[androidx.emoji2:emoji2:1.2.0] AndroidManifest.xml:27:13-37
75            <meta-data
75-->[androidx.emoji2:emoji2:1.2.0] AndroidManifest.xml:29:13-31:52
76                android:name="androidx.emoji2.text.EmojiCompatInitializer"
76-->[androidx.emoji2:emoji2:1.2.0] AndroidManifest.xml:30:17-75
77                android:value="androidx.startup" />
77-->[androidx.emoji2:emoji2:1.2.0] AndroidManifest.xml:31:17-49
78            <meta-data
78-->[androidx.lifecycle:lifecycle-process:2.6.2] AndroidManifest.xml:29:13-31:52
79                android:name="androidx.lifecycle.ProcessLifecycleInitializer"
79-->[androidx.lifecycle:lifecycle-process:2.6.2] AndroidManifest.xml:30:17-78
80                android:value="androidx.startup" />
80-->[androidx.lifecycle:lifecycle-process:2.6.2] AndroidManifest.xml:31:17-49
81            <meta-data
81-->[androidx.profileinstaller:profileinstaller:1.3.0] AndroidManifest.xml:29:13-31:52
82                android:name="androidx.profileinstaller.ProfileInstallerInitializer"
82-->[androidx.profileinstaller:profileinstaller:1.3.0] AndroidManifest.xml:30:17-85
83                android:value="androidx.startup" />
83-->[androidx.profileinstaller:profileinstaller:1.3.0] AndroidManifest.xml:31:17-49
84        </provider>
85
86        <service
86-->[com.google.firebase:firebase-database-ktx:20.2.2] AndroidManifest.xml:11:9-17:19
87            android:name="com.google.firebase.components.ComponentDiscoveryService"
87-->[com.google.firebase:firebase-database-ktx:20.2.2] AndroidManifest.xml:12:13-84
88            android:directBootAware="true"
88-->[com.google.firebase:firebase-common:20.3.2] AndroidManifest.xml:34:13-43
89            android:exported="false" >
89-->[com.google.firebase:firebase-database-ktx:20.2.2] AndroidManifest.xml:13:13-37
90            <meta-data
90-->[com.google.firebase:firebase-database-ktx:20.2.2] AndroidManifest.xml:14:13-16:85
91                android:name="com.google.firebase.components:com.google.firebase.database.ktx.FirebaseDatabaseKtxRegistrar"
91-->[com.google.firebase:firebase-database-ktx:20.2.2] AndroidManifest.xml:15:17-124
92                android:value="com.google.firebase.components.ComponentRegistrar" />
92-->[com.google.firebase:firebase-database-ktx:20.2.2] AndroidManifest.xml:16:17-82
93            <meta-data
93-->[com.google.firebase:firebase-database:20.2.2] AndroidManifest.xml:31:13-33:85
94                android:name="com.google.firebase.components:com.google.firebase.database.DatabaseRegistrar"
94-->[com.google.firebase:firebase-database:20.2.2] AndroidManifest.xml:32:17-109
95                android:value="com.google.firebase.components.ComponentRegistrar" />
95-->[com.google.firebase:firebase-database:20.2.2] AndroidManifest.xml:33:17-82
96            <meta-data
96-->[com.google.firebase:firebase-storage:20.2.1] AndroidManifest.xml:32:13-34:85
97                android:name="com.google.firebase.components:com.google.firebase.storage.StorageRegistrar"
97-->[com.google.firebase:firebase-storage:20.2.1] AndroidManifest.xml:33:17-107
98                android:value="com.google.firebase.components.ComponentRegistrar" />
98-->[com.google.firebase:firebase-storage:20.2.1] AndroidManifest.xml:34:17-82
99            <meta-data
99-->[com.google.firebase:firebase-common-ktx:20.3.2] AndroidManifest.xml:14:13-16:85
100                android:name="com.google.firebase.components:com.google.firebase.ktx.FirebaseCommonKtxRegistrar"
100-->[com.google.firebase:firebase-common-ktx:20.3.2] AndroidManifest.xml:15:17-113
101                android:value="com.google.firebase.components.ComponentRegistrar" />
101-->[com.google.firebase:firebase-common-ktx:20.3.2] AndroidManifest.xml:16:17-82
102        </service>
103
104        <activity
104-->[com.google.android.gms:play-services-base:18.1.0] AndroidManifest.xml:20:9-22:45
105            android:name="com.google.android.gms.common.api.GoogleApiActivity"
105-->[com.google.android.gms:play-services-base:18.1.0] AndroidManifest.xml:20:19-85
106            android:exported="false"
106-->[com.google.android.gms:play-services-base:18.1.0] AndroidManifest.xml:22:19-43
107            android:theme="@android:style/Theme.Translucent.NoTitleBar" />
107-->[com.google.android.gms:play-services-base:18.1.0] AndroidManifest.xml:21:19-78
108
109        <provider
109-->[com.google.firebase:firebase-common:20.3.2] AndroidManifest.xml:25:9-30:39
110            android:name="com.google.firebase.provider.FirebaseInitProvider"
110-->[com.google.firebase:firebase-common:20.3.2] AndroidManifest.xml:26:13-77
111            android:authorities="vn.edu.usth.flickrapp.firebaseinitprovider"
111-->[com.google.firebase:firebase-common:20.3.2] AndroidManifest.xml:27:13-72
112            android:directBootAware="true"
112-->[com.google.firebase:firebase-common:20.3.2] AndroidManifest.xml:28:13-43
113            android:exported="false"
113-->[com.google.firebase:firebase-common:20.3.2] AndroidManifest.xml:29:13-37
114            android:initOrder="100" />
114-->[com.google.firebase:firebase-common:20.3.2] AndroidManifest.xml:30:13-36
115
116        <uses-library
116-->[androidx.window:window:1.0.0] AndroidManifest.xml:25:9-27:40
117            android:name="androidx.window.extensions"
117-->[androidx.window:window:1.0.0] AndroidManifest.xml:26:13-54
118            android:required="false" />
118-->[androidx.window:window:1.0.0] AndroidManifest.xml:27:13-37
119        <uses-library
119-->[androidx.window:window:1.0.0] AndroidManifest.xml:28:9-30:40
120            android:name="androidx.window.sidecar"
120-->[androidx.window:window:1.0.0] AndroidManifest.xml:29:13-51
121            android:required="false" />
121-->[androidx.window:window:1.0.0] AndroidManifest.xml:30:13-37
122
123        <meta-data
123-->[com.google.android.gms:play-services-basement:18.1.0] AndroidManifest.xml:21:9-23:69
124            android:name="com.google.android.gms.version"
124-->[com.google.android.gms:play-services-basement:18.1.0] AndroidManifest.xml:22:13-58
125            android:value="@integer/google_play_services_version" />
125-->[com.google.android.gms:play-services-basement:18.1.0] AndroidManifest.xml:23:13-66
126
127        <receiver
127-->[androidx.profileinstaller:profileinstaller:1.3.0] AndroidManifest.xml:34:9-52:20
128            android:name="androidx.profileinstaller.ProfileInstallReceiver"
128-->[androidx.profileinstaller:profileinstaller:1.3.0] AndroidManifest.xml:35:13-76
129            android:directBootAware="false"
129-->[androidx.profileinstaller:profileinstaller:1.3.0] AndroidManifest.xml:36:13-44
130            android:enabled="true"
130-->[androidx.profileinstaller:profileinstaller:1.3.0] AndroidManifest.xml:37:13-35
131            android:exported="true"
131-->[androidx.profileinstaller:profileinstaller:1.3.0] AndroidManifest.xml:38:13-36
132            android:permission="android.permission.DUMP" >
132-->[androidx.profileinstaller:profileinstaller:1.3.0] AndroidManifest.xml:39:13-57
133            <intent-filter>
133-->[androidx.profileinstaller:profileinstaller:1.3.0] AndroidManifest.xml:40:13-42:29
134                <action android:name="androidx.profileinstaller.action.INSTALL_PROFILE" />
134-->[androidx.profileinstaller:profileinstaller:1.3.0] AndroidManifest.xml:41:17-91
134-->[androidx.profileinstaller:profileinstaller:1.3.0] AndroidManifest.xml:41:25-88
135            </intent-filter>
136            <intent-filter>
136-->[androidx.profileinstaller:profileinstaller:1.3.0] AndroidManifest.xml:43:13-45:29
137                <action android:name="androidx.profileinstaller.action.SKIP_FILE" />
137-->[androidx.profileinstaller:profileinstaller:1.3.0] AndroidManifest.xml:44:17-85
137-->[androidx.profileinstaller:profileinstaller:1.3.0] AndroidManifest.xml:44:25-82
138            </intent-filter>
139            <intent-filter>
139-->[androidx.profileinstaller:profileinstaller:1.3.0] AndroidManifest.xml:46:13-48:29
140                <action android:name="androidx.profileinstaller.action.SAVE_PROFILE" />
140-->[androidx.profileinstaller:profileinstaller:1.3.0] AndroidManifest.xml:47:17-88
140-->[androidx.profileinstaller:profileinstaller:1.3.0] AndroidManifest.xml:47:25-85
141            </intent-filter>
142            <intent-filter>
142-->[androidx.profileinstaller:profileinstaller:1.3.0] AndroidManifest.xml:49:13-51:29
143                <action android:name="androidx.profileinstaller.action.BENCHMARK_OPERATION" />
143-->[androidx.profileinstaller:profileinstaller:1.3.0] AndroidManifest.xml:50:17-95
143-->[androidx.profileinstaller:profileinstaller:1.3.0] AndroidManifest.xml:50:25-92
144            </intent-filter>
145        </receiver>
146    </application>
147
148</manifest>